<?xml version="1.0" encoding="UTF-8"?>
<robot generator="Robot 4.1.2 (Python 3.9.0 on win32)" generated="20211213 20:39:45.896" rpa="false" schemaversion="2">
<suite id="s1" name="Tests" source="C:\Users\RJ Cosico\Documents\GitHub\selenium-and-robotframework-practice\tests">
<suite id="s1-s1" name="Valid Login" source="C:\Users\RJ Cosico\Documents\GitHub\selenium-and-robotframework-practice\tests\valid_login.robot">
<test id="s1-s1-t1" name="Valid Login">
<kw name="Open Browser">
<arg>https://www.saucedemo.com/</arg>
<arg>chrome</arg>
<msg timestamp="20211213 20:39:45.955" level="FAIL">No keyword with name 'Open Browser' found.</msg>
<status status="FAIL" starttime="20211213 20:39:45.954" endtime="20211213 20:39:45.955"/>
</kw>
<kw name="Maximize Browser Window">
<status status="NOT RUN" starttime="20211213 20:39:45.959" endtime="20211213 20:39:45.959"/>
</kw>
<kw name="Page Should Contain Element login-button">
<status status="NOT RUN" starttime="20211213 20:39:45.961" endtime="20211213 20:39:45.961"/>
</kw>
<kw name="Input Text">
<arg>user-name standard_user</arg>
<status status="NOT RUN" starttime="20211213 20:39:45.963" endtime="20211213 20:39:45.964"/>
</kw>
<kw name="Input Password">
<arg>password secret_sauce</arg>
<status status="NOT RUN" starttime="20211213 20:39:45.966" endtime="20211213 20:39:45.967"/>
</kw>
<kw name="Click Button">
<arg>login-button</arg>
<status status="NOT RUN" starttime="20211213 20:39:45.968" endtime="20211213 20:39:45.968"/>
</kw>
<kw name="Element Text Should Be">
<arg>class:title Products</arg>
<status status="NOT RUN" starttime="20211213 20:39:45.970" endtime="20211213 20:39:45.970"/>
</kw>
<kw name="Close Browser" type="TEARDOWN">
<msg timestamp="20211213 20:39:45.972" level="FAIL">No keyword with name 'Close Browser' found.</msg>
<status status="FAIL" starttime="20211213 20:39:45.972" endtime="20211213 20:39:45.972">No keyword with name 'Close Browser' found.</status>
</kw>
<status status="FAIL" starttime="20211213 20:39:45.951" endtime="20211213 20:39:45.973">No keyword with name 'Open Browser' found.

Also teardown failed:
No keyword with name 'Close Browser' found.</status>
</test>
<status status="FAIL" starttime="20211213 20:39:45.947" endtime="20211213 20:39:45.976"/>
</suite>
<status status="FAIL" starttime="20211213 20:39:45.898" endtime="20211213 20:39:45.979"/>
</suite>
<statistics>
<total>
<stat pass="0" fail="1" skip="0">All Tests</stat>
</total>
<tag>
</tag>
<suite>
<stat pass="0" fail="1" skip="0" id="s1" name="Tests">Tests</stat>
<stat pass="0" fail="1" skip="0" id="s1-s1" name="Valid Login">Tests.Valid Login</stat>
</suite>
</statistics>
<errors>
<msg timestamp="20211213 20:39:45.880" level="ERROR">Error in file 'C:\Users\RJ Cosico\Documents\GitHub\selenium-and-robotframework-practice\tests\valid_login.robot' on line 2: Non-existing setting 'Documentation test'. Did you mean:
    Documentation</msg>
<msg timestamp="20211213 20:39:45.881" level="ERROR">Error in file 'C:\Users\RJ Cosico\Documents\GitHub\selenium-and-robotframework-practice\tests\valid_login.robot' on line 6: Non-existing setting 'Library SeleniumLibrary'.</msg>
</errors>
</robot>
