<?xml version="1.0" encoding="UTF-8"?>
<robot generator="Robot 4.1.2 (Python 3.9.0 on win32)" generated="20211213 17:24:26.349" rpa="false" schemaversion="2">
<suite id="s1" name="Tests" source="C:\Users\RJ Cosico\Documents\GitHub\selenium-and-robotframework-practice\tests">
<suite id="s1-s1" name="Valid Login" source="C:\Users\RJ Cosico\Documents\GitHub\selenium-and-robotframework-practice\tests\valid_login.robot">
<test id="s1-s1-t1" name="Valid Login">
<kw name="Open Browser https://www.saucedemo.com/ chrome">
<msg timestamp="20211213 17:24:26.393" level="FAIL">No keyword with name 'Open Browser https://www.saucedemo.com/ chrome' found.</msg>
<status status="FAIL" starttime="20211213 17:24:26.393" endtime="20211213 17:24:26.393"/>
</kw>
<kw name="Maximize Browser Window">
<status status="NOT RUN" starttime="20211213 17:24:26.395" endtime="20211213 17:24:26.395"/>
</kw>
<kw name="Page Should Contain Element login-button">
<status status="NOT RUN" starttime="20211213 17:24:26.396" endtime="20211213 17:24:26.396"/>
</kw>
<kw name="Input Text">
<arg>user-name standard_user</arg>
<status status="NOT RUN" starttime="20211213 17:24:26.398" endtime="20211213 17:24:26.398"/>
</kw>
<kw name="Input Password">
<arg>password secret_sauce</arg>
<status status="NOT RUN" starttime="20211213 17:24:26.401" endtime="20211213 17:24:26.401"/>
</kw>
<kw name="Click Button login-button">
<status status="NOT RUN" starttime="20211213 17:24:26.404" endtime="20211213 17:24:26.404"/>
</kw>
<kw name="Element Text Should Be">
<arg>class:title Products</arg>
<status status="NOT RUN" starttime="20211213 17:24:26.406" endtime="20211213 17:24:26.406"/>
</kw>
<kw name="Close Browser" type="TEARDOWN">
<msg timestamp="20211213 17:24:26.409" level="FAIL">No keyword with name 'Close Browser' found.</msg>
<status status="FAIL" starttime="20211213 17:24:26.408" endtime="20211213 17:24:26.409">No keyword with name 'Close Browser' found.</status>
</kw>
<status status="FAIL" starttime="20211213 17:24:26.390" endtime="20211213 17:24:26.409">No keyword with name 'Open Browser https://www.saucedemo.com/ chrome' found.

Also teardown failed:
No keyword with name 'Close Browser' found.</status>
</test>
<status status="FAIL" starttime="20211213 17:24:26.386" endtime="20211213 17:24:26.415"/>
</suite>
<status status="FAIL" starttime="20211213 17:24:26.351" endtime="20211213 17:24:26.422"/>
</suite>
<statistics>
<total>
<stat pass="0" fail="1" skip="0">All Tests</stat>
</total>
<tag>
</tag>
<suite>
<stat pass="0" fail="1" skip="0" id="s1" name="Tests">Tests</stat>
<stat pass="0" fail="1" skip="0" id="s1-s1" name="Valid Login">Tests.Valid Login</stat>
</suite>
</statistics>
<errors>
<msg timestamp="20211213 17:24:26.342" level="ERROR">Error in file 'C:\Users\RJ Cosico\Documents\GitHub\selenium-and-robotframework-practice\tests\valid_login.robot' on line 2: Non-existing setting 'Documentation test'. Did you mean:
    Documentation</msg>
<msg timestamp="20211213 17:24:26.343" level="ERROR">Error in file 'C:\Users\RJ Cosico\Documents\GitHub\selenium-and-robotframework-practice\tests\valid_login.robot' on line 6: Non-existing setting 'Library SeleniumLibrary'.</msg>
</errors>
</robot>
